<?xml version="1.0" encoding="UTF-8"?>
<testsuite xmlns:xsi="http://www.w3.org/2001/XMLSchema-instance" xsi:noNamespaceSchemaLocation="https://maven.apache.org/surefire/maven-surefire-plugin/xsd/surefire-test-report-3.0.xsd" version="3.0" name="TestSuite" time="1.526" tests="6" errors="0" skipped="0" failures="0">
  <properties>
    <property name="sun.desktop" value="windows"/>
    <property name="awt.toolkit" value="sun.awt.windows.WToolkit"/>
    <property name="java.specification.version" value="11"/>
    <property name="sun.cpu.isalist" value="amd64"/>
    <property name="sun.jnu.encoding" value="Cp1252"/>
    <property name="java.class.path" value="C:\Users\utilisateur\Documents\POOlo_2.0\target\test-classes;C:\Users\utilisateur\Documents\POOlo_2.0\target\classes;C:\Users\utilisateur\.m2\repository\org\testng\testng\6.14.3\testng-6.14.3.jar;C:\Users\utilisateur\.m2\repository\com\beust\jcommander\1.72\jcommander-1.72.jar;C:\Users\utilisateur\.m2\repository\org\apache-extras\beanshell\bsh\2.0b6\bsh-2.0b6.jar;C:\Users\utilisateur\.m2\repository\org\apache\ant\ant\1.10.9\ant-1.10.9.jar;C:\Users\utilisateur\.m2\repository\org\apache\ant\ant-launcher\1.10.9\ant-launcher-1.10.9.jar;"/>
    <property name="java.vm.vendor" value="Azul Systems, Inc."/>
    <property name="sun.arch.data.model" value="64"/>
    <property name="user.variant" value=""/>
    <property name="java.vendor.url" value="http://www.azulsystems.com/"/>
    <property name="user.timezone" value="Europe/Paris"/>
    <property name="java.vm.specification.version" value="11"/>
    <property name="os.name" value="Windows 10"/>
    <property name="sun.java.launcher" value="SUN_STANDARD"/>
    <property name="user.country" value="FR"/>
    <property name="sun.boot.library.path" value="C:\Users\utilisateur\anaconda3\envs\data-science\Library\bin"/>
    <property name="sun.java.command" value="C:\Users\utilisateur\AppData\Local\Temp\surefire12219982246280056348\surefirebooter8547716708475255235.jar C:\Users\utilisateur\AppData\Local\Temp\surefire12219982246280056348 2021-03-23T17-42-00_656-jvmRun1 surefire15529422021770630895tmp surefire_06742626744675253448tmp"/>
    <property name="jdk.debug" value="release"/>
    <property name="surefire.test.class.path" value="C:\Users\utilisateur\Documents\POOlo_2.0\target\test-classes;C:\Users\utilisateur\Documents\POOlo_2.0\target\classes;C:\Users\utilisateur\.m2\repository\org\testng\testng\6.14.3\testng-6.14.3.jar;C:\Users\utilisateur\.m2\repository\com\beust\jcommander\1.72\jcommander-1.72.jar;C:\Users\utilisateur\.m2\repository\org\apache-extras\beanshell\bsh\2.0b6\bsh-2.0b6.jar;C:\Users\utilisateur\.m2\repository\org\apache\ant\ant\1.10.9\ant-1.10.9.jar;C:\Users\utilisateur\.m2\repository\org\apache\ant\ant-launcher\1.10.9\ant-launcher-1.10.9.jar;"/>
    <property name="sun.cpu.endian" value="little"/>
    <property name="user.home" value="C:\Users\utilisateur"/>
    <property name="user.language" value="fr"/>
    <property name="java.specification.vendor" value="Oracle Corporation"/>
    <property name="java.version.date" value="2020-07-14"/>
    <property name="java.home" value="C:\Users\utilisateur\anaconda3\envs\data-science\Library"/>
    <property name="file.separator" value="\"/>
    <property name="basedir" value="C:\Users\utilisateur\Documents\POOlo_2.0"/>
    <property name="java.vm.compressedOopsMode" value="32-bit"/>
    <property name="line.separator" value="&#10;"/>
    <property name="java.specification.name" value="Java Platform API Specification"/>
    <property name="java.vm.specification.vendor" value="Oracle Corporation"/>
    <property name="jdk.vendor.version" value="Zulu11.41+23-CA"/>
    <property name="java.awt.graphicsenv" value="sun.awt.Win32GraphicsEnvironment"/>
    <property name="surefire.real.class.path" value="C:\Users\utilisateur\AppData\Local\Temp\surefire12219982246280056348\surefirebooter8547716708475255235.jar"/>
    <property name="user.script" value=""/>
    <property name="sun.management.compiler" value="HotSpot 64-Bit Tiered Compilers"/>
    <property name="java.runtime.version" value="11.0.8+10-LTS"/>
    <property name="user.name" value="utilisateur"/>
    <property name="path.separator" value=";"/>
    <property name="os.version" value="10.0"/>
    <property name="java.runtime.name" value="OpenJDK Runtime Environment"/>
    <property name="file.encoding" value="Cp1252"/>
    <property name="java.vm.name" value="OpenJDK 64-Bit Server VM"/>
    <property name="java.vendor.version" value="Zulu11.41+23-CA"/>
    <property name="localRepository" value="C:\Users\utilisateur\.m2\repository"/>
    <property name="java.vendor.url.bug" value="http://www.azulsystems.com/support/"/>
    <property name="java.io.tmpdir" value="C:\Users\UTILIS~1\AppData\Local\Temp\"/>
    <property name="java.version" value="11.0.8"/>
    <property name="user.dir" value="C:\Users\utilisateur\Documents\POOlo_2.0"/>
    <property name="os.arch" value="amd64"/>
    <property name="java.vm.specification.name" value="Java Virtual Machine Specification"/>
    <property name="java.awt.printerjob" value="sun.awt.windows.WPrinterJob"/>
    <property name="sun.os.patch.level" value=""/>
    <property name="java.library.path" value="C:\Users\utilisateur\anaconda3\envs\data-science\Library\bin;C:\WINDOWS\Sun\Java\bin;C:\WINDOWS\system32;C:\WINDOWS;C:\Users\utilisateur\anaconda3\envs\data-science;C:\Users\utilisateur\anaconda3\envs\data-science\Library\mingw-w64\bin;C:\Users\utilisateur\anaconda3\envs\data-science\Library\usr\bin;C:\Users\utilisateur\anaconda3\envs\data-science\Library\bin;C:\Users\utilisateur\anaconda3\envs\data-science\Scripts;C:\Users\utilisateur\anaconda3\envs\data-science\bin;C:\Users\utilisateur\anaconda3\condabin;C:\Program Files\Common Files\Oracle\Java\javapath;C:\Program Files (x86)\Common Files\Oracle\Java\javapath;C:\Program Files (x86)\Intel\iCLS Client;C:\Program Files\Intel\iCLS Client;C:\WINDOWS\system32;C:\WINDOWS;C:\WINDOWS\System32\Wbem;C:\WINDOWS\System32\WindowsPowerShell\v1.0;C:\WINDOWS\System32\OpenSSH;C:\Program Files\Intel\WiFi\bin;C:\Program Files\Common Files\Intel\WirelessCommon;C:\Program Files (x86)\Intel\Intel(R) Management Engine Components\DAL;C:\Program Files\Intel\Intel(R) Management Engine Components\DAL;C:\Program Files (x86)\Intel\Intel(R) Management Engine Components\IPT;C:\Program Files\Intel\Intel(R) Management Engine Components\IPT;C:\Program Files\Git\cmd;C:\Users\utilisateur\AppData\Local\Microsoft\WindowsApps;C:\Users\utilisateur\AppData\Local\Programs\Microsoft VS Code\bin;C:\Users\utilisateur\anaconda3\Scripts;C:\Users\utilisateur\anaconda3;C:\Users\utilisateur\anaconda3\Library\bin;C:\Users\utilisateur\anaconda3\condabin;C:\Users\utilisateur\anaconda3\DLLs;C:\Users\utilisateur\anaconda3\bin;.;."/>
    <property name="java.vm.info" value="mixed mode"/>
    <property name="java.vendor" value="Azul Systems, Inc."/>
    <property name="java.vm.version" value="11.0.8+10-LTS"/>
    <property name="sun.io.unicode.encoding" value="UnicodeLittle"/>
    <property name="java.class.version" value="55.0"/>
  </properties>
  <testcase name="testAdd" classname="classes.GardenerTest" time="0.057"/>
  <testcase name="testPlant_vegetable" classname="classes.GardenerTest" time="0.015"/>
  <testcase name="constructorTest" classname="classes.GardenTest" time="0"/>
  <testcase name="set_vegetablesTest" classname="classes.GardenTest" time="0.012"/>
  <testcase name="testConstructor" classname="classes.Vegetables.VegetableTest" time="0"/>
  <testcase name="testGrow" classname="classes.Vegetables.VegetableTest" time="0.001"/>
</testsuite>