<?xml version="1.0" encoding="UTF-8"?>
<!-- Generated by org.testng.reporters.JUnitReportReporter -->
<testsuite hostname="UTILISA-9H28Q3B" failures="0" tests="2" name="classes.GardenerTest" time="0.090" errors="0" timestamp="12 mars 2021 15:48:08 GMT" skipped="0">
  <testcase classname="classes.GardenerTest" name="testAdd" time="0.057"/>
  <testcase classname="classes.GardenerTest" name="testPlant_vegetable" time="0.033"/>
</testsuite> <!-- classes.GardenerTest -->
