<?xml version="1.0" encoding="UTF-8"?>
<!-- Generated by org.testng.reporters.JUnitReportReporter -->
<testsuite hostname="UTILISA-9H28Q3B" failures="0" tests="2" name="classes.Vegetables.VegetableTest" time="0.000" errors="0" timestamp="12 mars 2021 15:48:08 GMT" skipped="0">
  <testcase classname="classes.Vegetables.VegetableTest" name="testConstructor" time="0.000"/>
  <testcase classname="classes.Vegetables.VegetableTest" name="testGrow" time="0.000"/>
</testsuite> <!-- classes.Vegetables.VegetableTest -->
