<?xml version="1.0" encoding="UTF-8"?>
<!-- Generated by org.testng.reporters.JUnitReportReporter -->
<testsuite hostname="UTILISA-9H28Q3B" failures="0" tests="2" name="classes.GardenTest" time="0.019" errors="0" timestamp="12 mars 2021 15:48:08 GMT" skipped="0">
  <testcase classname="classes.GardenTest" name="constructorTest" time="0.001"/>
  <testcase classname="classes.GardenTest" name="set_vegetablesTest" time="0.018"/>
</testsuite> <!-- classes.GardenTest -->
