<?xml version="1.0" encoding="UTF-8"?>
<!-- Generated by org.testng.reporters.JUnitReportReporter -->
<testsuite hostname="UTILISA-9H28Q3B" failures="0" tests="2" name="classes.Vegetables.VegetableTest" time="0.002" errors="0" timestamp="23 mars 2021 16:42:04 GMT" skipped="0">
  <testcase classname="classes.Vegetables.VegetableTest" name="testConstructor" time="0.001"/>
  <testcase classname="classes.Vegetables.VegetableTest" name="testGrow" time="0.001"/>
</testsuite> <!-- classes.Vegetables.VegetableTest -->
