<?xml version="1.0" encoding="UTF-8"?>
<!-- Generated by org.testng.reporters.JUnitReportReporter -->
<testsuite hostname="UTILISA-9H28Q3B" failures="0" tests="2" name="classes.GardenerTest" time="0.073" errors="0" timestamp="23 mars 2021 16:42:04 GMT" skipped="0">
  <testcase classname="classes.GardenerTest" name="testPlant_vegetable" time="0.017"/>
  <testcase classname="classes.GardenerTest" name="testAdd" time="0.056"/>
</testsuite> <!-- classes.GardenerTest -->
